<?xml version="1.0" encoding="UTF-8"?>
<!-- Generated by org.testng.reporters.JUnitReportReporter -->
<testsuite hostname="Luiss-MacBook-Pro.local" failures="0" tests="1" name="Test_Scenarios.TestMethods_BankAccountCreation" time="1.744" errors="0" timestamp="2023-09-26T18:10:47 EDT" skipped="0">
  <testcase classname="Test_Scenarios.TestMethods_BankAccountCreation" name="createBankAccount" time="1.744"/>
</testsuite> <!-- Test_Scenarios.TestMethods_BankAccountCreation -->
